<?xml version="1.0" encoding="UTF-8"?>
<testng-results skipped="0" failed="0" ignored="0" total="1" passed="1">
  <reporter-output>
  </reporter-output>
  <suite name="Default suite" duration-ms="6917" started-at="2019-06-29T20:53:36Z" finished-at="2019-06-29T20:53:43Z">
    <groups>
    </groups>
    <test name="Default test" duration-ms="6917" started-at="2019-06-29T20:53:36Z" finished-at="2019-06-29T20:53:43Z">
      <class name="PDFReaderFromFolder">
        <test-method status="PASS" signature="readPDFTest()[pri:0, instance:PDFReaderFromFolder@1593948d]" name="readPDFTest" duration-ms="6628" started-at="2019-06-29T20:53:37Z" finished-at="2019-06-29T20:53:43Z">
          <reporter-output>
          </reporter-output>
        </test-method> <!-- readPDFTest -->
      </class> <!-- PDFReaderFromFolder -->
    </test> <!-- Default test -->
  </suite> <!-- Default suite -->
</testng-results>
